<?xml version="1.0" encoding="UTF-8"?>
<!-- Generated by org.testng.reporters.JUnitReportReporter -->
<testsuite skipped="0" hostname="Ishaan-lappy" name="org.testngflipkart.CodingTestNG" tests="4" failures="0" timestamp="30 Jul 2022 06:00:39 GMT" time="2.117" errors="0">
  <testcase name="method1" time="0.145" classname="org.testngflipkart.CodingTestNG"/>
  <testcase name="method2" time="0.137" classname="org.testngflipkart.CodingTestNG"/>
  <testcase name="method3" time="0.080" classname="org.testngflipkart.CodingTestNG"/>
  <testcase name="method4" time="1.755" classname="org.testngflipkart.CodingTestNG"/>
</testsuite> <!-- org.testngflipkart.CodingTestNG -->
